Watching for changes in /usr/local/bin/firstsite/{archetypes,assets,content,data,layouts,static,themes}
Watching for config changes in /usr/local/bin/firstsite/hugo.toml, /usr/local/bin/firstsite/themes/ananke/config.yaml
Start building sites … 
hugo v0.117.0+extended linux/amd64 BuildDate=unknown VendorInfo=mage


                   | EN  
-------------------+-----
  Pages            |  7  
  Paginator pages  |  0  
  Non-page files   |  0  
  Static files     |  1  
  Processed images |  0  
  Aliases          |  0  
  Sitemaps         |  1  
  Cleaned          |  0  

Built in 134 ms
Environment: "development"
Serving pages from memory
Running in Fast Render Mode. For full rebuilds on change: hugo server --disableFastRender
Web Server is available at http://localhost:38959/ (bind address 127.0.0.1)
Press Ctrl+C to stop
Hugo provides its own webserver which builds and serves the site.
While hugo server is high performance, it is a webserver with limited options.

'hugo server' will avoid writing the rendered and served content to disk,
preferring to store it in memory.

By default hugo will also watch your files for any changes you make and
automatically rebuild the site. It will then live reload any open browser pages
and push the latest content to them. As most Hugo sites are built in a fraction
of a second, you will be able to save and see your changes nearly instantly.

Usage:
  hugo server [command] [flags]
  hugo server [command]

Aliases:
  server, serve

Available Commands:
  trust       Install the local CA in the system trust store.

Flags:
      --appendPort             append port to baseURL (default true)
  -b, --baseURL string         hostname (and path) to the root, e.g. https://spf13.com/
      --bind string            interface to which the server will bind (default "127.0.0.1")
  -D, --buildDrafts            include content marked as draft
  -E, --buildExpired           include expired content
  -F, --buildFuture            include content with publishdate in the future
      --cacheDir string        filesystem path to cache directory
      --cleanDestinationDir    remove files from destination not found in static directories
  -c, --contentDir string      filesystem path to content directory
      --disableBrowserError    do not show build errors in the browser
      --disableFastRender      enables full re-renders on changes
      --disableKinds strings   disable different kind of pages (home, RSS etc.)
      --disableLiveReload      watch without enabling live browser reload on rebuild
      --enableGitInfo          add Git revision, date, author, and CODEOWNERS info to the pages
      --forceSyncStatic        copy all files when static is changed.
      --gc                     enable to run some cleanup tasks (remove unused cache files) after the build
  -h, --help                   help for server
      --ignoreCache            ignores the cache directory
  -l, --layoutDir string       filesystem path to layout directory
      --liveReloadPort int     port for live reloading (i.e. 443 in HTTPS proxy situations) (default -1)
      --meminterval string     interval to poll memory usage (requires --memstats), valid time units are "ns", "us" (or "µs"), "ms", "s", "m", "h". (default "100ms")
      --memstats string        log memory usage to this file
      --minify                 minify any supported output format (HTML, XML etc.)
      --navigateToChanged      navigate to changed content file on live browser reload
      --noBuildLock            don't create .hugo_build.lock file
      --noChmod                don't sync permission mode of files
      --noHTTPCache            prevent HTTP caching
      --noTimes                don't sync modification time of files
      --panicOnWarning         panic on first WARNING log
      --poll string            set this to a poll interval, e.g --poll 700ms, to use a poll based approach to watch for file system changes
  -p, --port int               port on which the server will listen (default 1313)
      --printI18nWarnings      print missing translations
      --printMemoryUsage       print memory usage to screen at intervals
      --printPathWarnings      print warnings on duplicate target paths etc.
      --printUnusedTemplates   print warnings on unused templates.
      --renderStaticToDisk     serve static files from disk and dynamic files from memory
      --renderToDisk           serve all files from disk (default is from memory)
      --templateMetrics        display metrics about template executions
      --templateMetricsHints   calculate some improvement hints when combined with --templateMetrics
  -t, --theme strings          themes to use (located in /themes/THEMENAME/)
      --tlsAuto                generate and use locally-trusted certificates.
      --tlsCertFile string     path to TLS certificate file
      --tlsKeyFile string      path to TLS key file
      --trace file             write trace to file (not useful in general)
  -w, --watch                  watch filesystem for changes and recreate as needed (default true)

Global Flags:
      --clock string               set the clock used by Hugo, e.g. --clock 2021-11-06T22:30:00.00+09:00
      --config string              config file (default is hugo.yaml|json|toml)
      --configDir string           config dir (default "config")
      --debug                      debug output
  -d, --destination string         filesystem path to write files to
  -e, --environment string         build environment
      --ignoreVendorPaths string   ignores any _vendor for module paths matching the given Glob pattern
      --logLevel string            log level (debug|info|warn|error)
      --quiet                      build in quiet mode
  -s, --source string              filesystem path to read files relative from
      --themesDir string           filesystem path to themes directory
  -v, --verbose                    verbose output

Use "hugo server [command] --help" for more information about a command.

Error: command error: server startup failed: listen tcp 127.0.0.1:38959: bind: address already in use
Watching for changes in /usr/local/bin/firstsite/{archetypes,assets,content,data,layouts,static,themes}
Watching for config changes in /usr/local/bin/firstsite/hugo.toml, /usr/local/bin/firstsite/themes/ananke/config.yaml
Start building sites … 
hugo v0.117.0+extended linux/amd64 BuildDate=unknown VendorInfo=mage


                   | EN  
-------------------+-----
  Pages            |  7  
  Paginator pages  |  0  
  Non-page files   |  0  
  Static files     |  1  
  Processed images |  0  
  Aliases          |  0  
  Sitemaps         |  1  
  Cleaned          |  0  

Built in 131 ms
Environment: "development"
Serving pages from memory
Running in Fast Render Mode. For full rebuilds on change: hugo server --disableFastRender
Web Server is available at http://localhost:38959/ (bind address 127.0.0.1)
Press Ctrl+C to stop

Change detected, rebuilding site.
2023-10-13 02:13:25.236 -0400
Source changed WRITE         "/usr/local/bin/firstsite/content/index.md"
Source changed WRITE         "/usr/local/bin/firstsite/content/index.md"
Total in 7 ms
adding created directory to watchlist /usr/local/bin/firstsite/content/pposts

Change detected, rebuilding site.
2023-10-13 02:38:39.736 -0400
Total in 5 ms
adding created directory to watchlist /usr/local/bin/firstsite/content/posts

Change detected, rebuilding site.
2023-10-13 02:38:59.737 -0400
Total in 5 ms

Change detected, rebuilding site.
2023-10-13 02:39:06.235 -0400
Source changed RENAME        "/usr/local/bin/firstsite/content/index.md"
Source changed CREATE        "/usr/local/bin/firstsite/content/posts/index.md"
Total in 6 ms

Change detected, rebuilding site.
2023-10-13 02:39:13.235 -0400
Source changed REMOVE        "/usr/local/bin/firstsite/content/pposts"
Total in 4 ms
adding created directory to watchlist /usr/local/bin/firstsite/content/post

Change detected, rebuilding site.
2023-10-13 05:48:40.736 -0400
Source changed CREATE        "/usr/local/bin/firstsite/content/post/first.md"
Total in 10 ms
